This file contains any messages produced by compilers while
running configure, to aid debugging if configure makes a mistake.

It was created by configure, which was
generated by GNU Autoconf 2.61.  Invocation command line was

  $ configure 

## --------- ##
## Platform. ##
## --------- ##

hostname = SC439820
uname -m = x86_64
uname -r = 5.15.133.1-microsoft-standard-WSL2
uname -s = Linux
uname -v = #1 SMP Thu Oct 5 21:02:42 UTC 2023

/usr/bin/uname -p = x86_64
/bin/uname -X     = unknown

/bin/arch              = x86_64
/usr/bin/arch -k       = unknown
/usr/convex/getsysinfo = unknown
/usr/bin/hostinfo      = unknown
/bin/machine           = unknown
/usr/bin/oslevel       = unknown
/bin/universe          = unknown

PATH: /usr/local/sbin
PATH: /usr/local/bin
PATH: /usr/sbin
PATH: /usr/bin
PATH: /sbin
PATH: /bin
PATH: /usr/games
PATH: /usr/local/games
PATH: /snap/bin


## ----------- ##
## Core tests. ##
## ----------- ##

configure:1955: checking for a BSD-compatible install
configure:2011: result: /usr/bin/install -c
configure:2022: checking whether build environment is sane
configure:2065: result: yes
configure:2093: checking for a thread-safe mkdir -p
configure:2132: result: /usr/bin/mkdir -p
configure:2145: checking for gawk
configure:2161: found /usr/bin/gawk
configure:2172: result: gawk
configure:2183: checking whether make sets $(MAKE)
configure:2204: result: yes
configure:2448: checking for gcc
configure:2464: found /usr/bin/gcc
configure:2475: result: gcc
configure:2713: checking for C compiler version
configure:2720: gcc --version >&5
gcc (Ubuntu 11.4.0-1ubuntu1~22.04) 11.4.0
Copyright (C) 2021 Free Software Foundation, Inc.
This is free software; see the source for copying conditions.  There is NO
warranty; not even for MERCHANTABILITY or FITNESS FOR A PARTICULAR PURPOSE.

configure:2723: $? = 0
configure:2730: gcc -v >&5
Using built-in specs.
COLLECT_GCC=gcc
COLLECT_LTO_WRAPPER=/usr/lib/gcc/x86_64-linux-gnu/11/lto-wrapper
OFFLOAD_TARGET_NAMES=nvptx-none:amdgcn-amdhsa
OFFLOAD_TARGET_DEFAULT=1
Target: x86_64-linux-gnu
Configured with: ../src/configure -v --with-pkgversion='Ubuntu 11.4.0-1ubuntu1~22.04' --with-bugurl=file:///usr/share/doc/gcc-11/README.Bugs --enable-languages=c,ada,c++,go,brig,d,fortran,objc,obj-c++,m2 --prefix=/usr --with-gcc-major-version-only --program-suffix=-11 --program-prefix=x86_64-linux-gnu- --enable-shared --enable-linker-build-id --libexecdir=/usr/lib --without-included-gettext --enable-threads=posix --libdir=/usr/lib --enable-nls --enable-bootstrap --enable-clocale=gnu --enable-libstdcxx-debug --enable-libstdcxx-time=yes --with-default-libstdcxx-abi=new --enable-gnu-unique-object --disable-vtable-verify --enable-plugin --enable-default-pie --with-system-zlib --enable-libphobos-checking=release --with-target-system-zlib=auto --enable-objc-gc=auto --enable-multiarch --disable-werror --enable-cet --with-arch-32=i686 --with-abi=m64 --with-multilib-list=m32,m64,mx32 --enable-multilib --with-tune=generic --enable-offload-targets=nvptx-none=/build/gcc-11-XeT9lY/gcc-11-11.4.0/debian/tmp-nvptx/usr,amdgcn-amdhsa=/build/gcc-11-XeT9lY/gcc-11-11.4.0/debian/tmp-gcn/usr --without-cuda-driver --enable-checking=release --build=x86_64-linux-gnu --host=x86_64-linux-gnu --target=x86_64-linux-gnu --with-build-config=bootstrap-lto-lean --enable-link-serialization=2
Thread model: posix
Supported LTO compression algorithms: zlib zstd
gcc version 11.4.0 (Ubuntu 11.4.0-1ubuntu1~22.04) 
configure:2733: $? = 0
configure:2740: gcc -V >&5
gcc: error: unrecognized command-line option '-V'
gcc: fatal error: no input files
compilation terminated.
configure:2743: $? = 1
configure:2766: checking for C compiler default output file name
configure:2793: gcc    conftest.c  >&5
configure:2796: $? = 0
configure:2834: result: a.out
configure:2851: checking whether the C compiler works
configure:2861: ./a.out
configure:2864: $? = 0
configure:2881: result: yes
configure:2888: checking whether we are cross compiling
configure:2890: result: no
configure:2893: checking for suffix of executables
configure:2900: gcc -o conftest    conftest.c  >&5
configure:2903: $? = 0
configure:2927: result: 
configure:2933: checking for suffix of object files
configure:2959: gcc -c   conftest.c >&5
configure:2962: $? = 0
configure:2985: result: o
configure:2989: checking whether we are using the GNU C compiler
configure:3018: gcc -c   conftest.c >&5
configure:3024: $? = 0
configure:3041: result: yes
configure:3046: checking whether gcc accepts -g
configure:3076: gcc -c -g  conftest.c >&5
configure:3082: $? = 0
configure:3181: result: yes
configure:3198: checking for gcc option to accept ISO C89
configure:3272: gcc  -c -g -O2  conftest.c >&5
configure:3278: $? = 0
configure:3301: result: none needed
configure:3330: checking for style of include used by make
configure:3358: result: GNU
configure:3383: checking dependency style of gcc
configure:3474: result: gcc3
configure:3495: checking build system type
configure:3513: result: x86_64-unknown-linux-gnu
configure:3535: checking host system type
configure:3550: result: x86_64-unknown-linux-gnu
configure:3912: checking for a sed that does not truncate output
configure:3991: result: /usr/bin/sed
configure:4009: checking for grep that handles long lines and -e
configure:4083: result: /usr/bin/grep
configure:4088: checking for egrep
configure:4166: result: /usr/bin/grep -E
configure:4171: checking for fgrep
configure:4249: result: /usr/bin/grep -F
configure:4284: checking for ld used by gcc
configure:4351: result: /usr/bin/ld
configure:4360: checking if the linker (/usr/bin/ld) is GNU ld
configure:4375: result: yes
configure:4387: checking for BSD- or MS-compatible name lister (nm)
configure:4436: result: /usr/bin/nm -B
configure:4558: checking the name lister (/usr/bin/nm -B) interface
configure:4565: gcc -c -g -O2  conftest.c >&5
configure:4568: /usr/bin/nm -B "conftest.o"
configure:4571: output
0000000000000000 B some_variable
configure:4578: result: BSD nm
configure:4581: checking whether ln -s works
configure:4585: result: yes
configure:4593: checking the maximum length of command line arguments
configure:4713: result: 1572864
configure:4730: checking whether the shell understands some XSI constructs
configure:4740: result: yes
configure:4744: checking whether the shell understands "+="
configure:4750: result: yes
configure:4785: checking for /usr/bin/ld option to reload object files
configure:4792: result: -r
configure:4819: checking how to recognize dependent libraries
configure:5009: result: pass_all
configure:5069: checking for ar
configure:5085: found /usr/bin/ar
configure:5096: result: ar
configure:5178: checking for strip
configure:5194: found /usr/bin/strip
configure:5205: result: strip
configure:5281: checking for ranlib
configure:5297: found /usr/bin/ranlib
configure:5308: result: ranlib
configure:5402: checking command to parse /usr/bin/nm -B output from gcc object
configure:5520: gcc -c -g -O2  conftest.c >&5
configure:5523: $? = 0
configure:5527: /usr/bin/nm -B conftest.o \| sed -n -e 's/^.*[	 ]\([ABCDGIRSTW][ABCDGIRSTW]*\)[	 ][	 ]*\([_A-Za-z][_A-Za-z0-9]*\)$/\1 \2 \2/p' \> conftest.nm
configure:5530: $? = 0
configure:5584: gcc -o conftest -g -O2   conftest.c conftstm.o >&5
configure:5587: $? = 0
configure:5625: result: ok
configure:5721: gcc -c -g -O2  conftest.c >&5
configure:5724: $? = 0
configure:6504: checking how to run the C preprocessor
configure:6544: gcc -E  conftest.c
configure:6550: $? = 0
configure:6581: gcc -E  conftest.c
conftest.c:10:10: fatal error: ac_nonexistent.h: No such file or directory
   10 | #include <ac_nonexistent.h>
      |          ^~~~~~~~~~~~~~~~~~
compilation terminated.
configure:6587: $? = 1
configure: failed program was:
| /* confdefs.h.  */
| #define PACKAGE_NAME ""
| #define PACKAGE_TARNAME ""
| #define PACKAGE_VERSION ""
| #define PACKAGE_STRING ""
| #define PACKAGE_BUGREPORT ""
| #define PACKAGE "libassp"
| #define VERSION "1.1"
| /* end confdefs.h.  */
| #include <ac_nonexistent.h>
configure:6620: result: gcc -E
configure:6649: gcc -E  conftest.c
configure:6655: $? = 0
configure:6686: gcc -E  conftest.c
conftest.c:10:10: fatal error: ac_nonexistent.h: No such file or directory
   10 | #include <ac_nonexistent.h>
      |          ^~~~~~~~~~~~~~~~~~
compilation terminated.
configure:6692: $? = 1
configure: failed program was:
| /* confdefs.h.  */
| #define PACKAGE_NAME ""
| #define PACKAGE_TARNAME ""
| #define PACKAGE_VERSION ""
| #define PACKAGE_STRING ""
| #define PACKAGE_BUGREPORT ""
| #define PACKAGE "libassp"
| #define VERSION "1.1"
| /* end confdefs.h.  */
| #include <ac_nonexistent.h>
configure:6730: checking for ANSI C header files
configure:6760: gcc -c -g -O2  conftest.c >&5
configure:6766: $? = 0
configure:6865: gcc -o conftest -g -O2   conftest.c  >&5
configure:6868: $? = 0
configure:6874: ./conftest
configure:6877: $? = 0
configure:6894: result: yes
configure:6918: checking for sys/types.h
configure:6939: gcc -c -g -O2  conftest.c >&5
configure:6945: $? = 0
configure:6961: result: yes
configure:6918: checking for sys/stat.h
configure:6939: gcc -c -g -O2  conftest.c >&5
configure:6945: $? = 0
configure:6961: result: yes
configure:6918: checking for stdlib.h
configure:6939: gcc -c -g -O2  conftest.c >&5
configure:6945: $? = 0
configure:6961: result: yes
configure:6918: checking for string.h
configure:6939: gcc -c -g -O2  conftest.c >&5
configure:6945: $? = 0
configure:6961: result: yes
configure:6918: checking for memory.h
configure:6939: gcc -c -g -O2  conftest.c >&5
configure:6945: $? = 0
configure:6961: result: yes
configure:6918: checking for strings.h
configure:6939: gcc -c -g -O2  conftest.c >&5
configure:6945: $? = 0
configure:6961: result: yes
configure:6918: checking for inttypes.h
configure:6939: gcc -c -g -O2  conftest.c >&5
configure:6945: $? = 0
configure:6961: result: yes
configure:6918: checking for stdint.h
configure:6939: gcc -c -g -O2  conftest.c >&5
configure:6945: $? = 0
configure:6961: result: yes
configure:6918: checking for unistd.h
configure:6939: gcc -c -g -O2  conftest.c >&5
configure:6945: $? = 0
configure:6961: result: yes
configure:6977: checking for dlfcn.h
configure:6998: gcc -c -g -O2  conftest.c >&5
configure:7004: $? = 0
configure:7020: result: yes
configure:7202: checking for objdir
configure:7217: result: .libs
configure:7513: checking if gcc supports -fno-rtti -fno-exceptions
configure:7531: gcc -c -g -O2  -fno-rtti -fno-exceptions conftest.c >&5
cc1: warning: command-line option '-fno-rtti' is valid for C++/D/ObjC++ but not for C
configure:7535: $? = 0
configure:7548: result: no
configure:7568: checking for gcc option to produce PIC
configure:7825: result: -fPIC -DPIC
configure:7837: checking if gcc PIC flag -fPIC -DPIC works
configure:7855: gcc -c -g -O2  -fPIC -DPIC -DPIC conftest.c >&5
configure:7859: $? = 0
configure:7872: result: yes
configure:7896: checking if gcc static flag -static works
configure:7924: result: yes
configure:7939: checking if gcc supports -c -o file.o
configure:7960: gcc -c -g -O2  -o out/conftest2.o conftest.c >&5
configure:7964: $? = 0
configure:7986: result: yes
configure:7994: checking if gcc supports -c -o file.o
configure:8041: result: yes
configure:8074: checking whether the gcc linker (/usr/bin/ld -m elf_x86_64) supports shared libraries
configure:9129: result: yes
configure:9166: checking whether -lc should be explicitly linked in
configure:9171: gcc -c -g -O2  conftest.c >&5
configure:9174: $? = 0
configure:9189: gcc -shared conftest.o  -v -Wl,-soname -Wl,conftest -o conftest 2\>\&1 \| /usr/bin/grep  -lc  \>/dev/null 2\>\&1
configure:9192: $? = 0
configure:9204: result: no
configure:9368: checking dynamic linker characteristics
configure:9811: gcc -o conftest -g -O2   -Wl,-rpath -Wl,/foo conftest.c  >&5
configure:9817: $? = 0
configure:10059: result: GNU/Linux ld.so
configure:10161: checking how to hardcode library paths into programs
configure:10186: result: immediate
configure:10999: checking whether stripping libraries is possible
configure:11004: result: yes
configure:11039: checking if libtool supports shared libraries
configure:11041: result: yes
configure:11044: checking whether to build shared libraries
configure:11065: result: yes
configure:11068: checking whether to build static libraries
configure:11072: result: yes
configure:11216: creating ./config.status

## ---------------------- ##
## Running config.status. ##
## ---------------------- ##

This file was extended by config.status, which was
generated by GNU Autoconf 2.61.  Invocation command line was

  CONFIG_FILES    = 
  CONFIG_HEADERS  = 
  CONFIG_LINKS    = 
  CONFIG_COMMANDS = 
  $ ./config.status 

on SC439820

config.status:855: creating Makefile
config.status:855: creating src/Makefile
config.status:855: creating misc.pc
config.status:855: creating assp.pc
config.status:855: creating config.h
config.status:1083: config.h is unchanged
config.status:1129: executing depfiles commands
config.status:1129: executing libtool commands

## ---------------- ##
## Cache variables. ##
## ---------------- ##

ac_cv_build=x86_64-unknown-linux-gnu
ac_cv_c_compiler_gnu=yes
ac_cv_env_CC_set=
ac_cv_env_CC_value=
ac_cv_env_CFLAGS_set=
ac_cv_env_CFLAGS_value=
ac_cv_env_CPPFLAGS_set=
ac_cv_env_CPPFLAGS_value=
ac_cv_env_CPP_set=
ac_cv_env_CPP_value=
ac_cv_env_LDFLAGS_set=
ac_cv_env_LDFLAGS_value=
ac_cv_env_LIBS_set=
ac_cv_env_LIBS_value=
ac_cv_env_build_alias_set=
ac_cv_env_build_alias_value=
ac_cv_env_host_alias_set=
ac_cv_env_host_alias_value=
ac_cv_env_target_alias_set=
ac_cv_env_target_alias_value=
ac_cv_header_dlfcn_h=yes
ac_cv_header_inttypes_h=yes
ac_cv_header_memory_h=yes
ac_cv_header_stdc=yes
ac_cv_header_stdint_h=yes
ac_cv_header_stdlib_h=yes
ac_cv_header_string_h=yes
ac_cv_header_strings_h=yes
ac_cv_header_sys_stat_h=yes
ac_cv_header_sys_types_h=yes
ac_cv_header_unistd_h=yes
ac_cv_host=x86_64-unknown-linux-gnu
ac_cv_objext=o
ac_cv_path_EGREP='/usr/bin/grep -E'
ac_cv_path_FGREP='/usr/bin/grep -F'
ac_cv_path_GREP=/usr/bin/grep
ac_cv_path_SED=/usr/bin/sed
ac_cv_path_install='/usr/bin/install -c'
ac_cv_path_mkdir=/usr/bin/mkdir
ac_cv_prog_AWK=gawk
ac_cv_prog_CPP='gcc -E'
ac_cv_prog_ac_ct_AR=ar
ac_cv_prog_ac_ct_CC=gcc
ac_cv_prog_ac_ct_RANLIB=ranlib
ac_cv_prog_ac_ct_STRIP=strip
ac_cv_prog_cc_c89=
ac_cv_prog_cc_g=yes
ac_cv_prog_make_make_set=yes
am_cv_CC_dependencies_compiler_type=gcc3
lt_cv_deplibs_check_method=pass_all
lt_cv_file_magic_cmd='$MAGIC_CMD'
lt_cv_file_magic_test_file=
lt_cv_ld_reload_flag=-r
lt_cv_nm_interface='BSD nm'
lt_cv_objdir=.libs
lt_cv_path_LD=/usr/bin/ld
lt_cv_path_NM='/usr/bin/nm -B'
lt_cv_prog_compiler_c_o=yes
lt_cv_prog_compiler_pic_works=yes
lt_cv_prog_compiler_rtti_exceptions=no
lt_cv_prog_compiler_static_works=yes
lt_cv_prog_gnu_ld=yes
lt_cv_sys_global_symbol_pipe='sed -n -e '\''s/^.*[	 ]\([ABCDGIRSTW][ABCDGIRSTW]*\)[	 ][	 ]*\([_A-Za-z][_A-Za-z0-9]*\)$/\1 \2 \2/p'\'''
lt_cv_sys_global_symbol_to_c_name_address='sed -n -e '\''s/^: \([^ ]*\) $/  {\"\1\", (void *) 0},/p'\'' -e '\''s/^[ABCDGIRSTW]* \([^ ]*\) \([^ ]*\)$/  {"\2", (void *) \&\2},/p'\'''
lt_cv_sys_global_symbol_to_c_name_address_lib_prefix='sed -n -e '\''s/^: \([^ ]*\) $/  {\"\1\", (void *) 0},/p'\'' -e '\''s/^[ABCDGIRSTW]* \([^ ]*\) \(lib[^ ]*\)$/  {"\2", (void *) \&\2},/p'\'' -e '\''s/^[ABCDGIRSTW]* \([^ ]*\) \([^ ]*\)$/  {"lib\2", (void *) \&\2},/p'\'''
lt_cv_sys_global_symbol_to_cdecl='sed -n -e '\''s/^T .* \(.*\)$/extern int \1();/p'\'' -e '\''s/^[ABCDGIRSTW]* .* \(.*\)$/extern char \1;/p'\'''
lt_cv_sys_max_cmd_len=1572864

## ----------------- ##
## Output variables. ##
## ----------------- ##

ACLOCAL='${SHELL} /home/ubuntu/PycharmProjects/pylibassp/libassp-1.1/missing --run aclocal-1.10'
AMDEPBACKSLASH='\'
AMDEP_FALSE='#'
AMDEP_TRUE=''
AMTAR='${SHELL} /home/ubuntu/PycharmProjects/pylibassp/libassp-1.1/missing --run tar'
AR='ar'
AS='as'
AUTOCONF='${SHELL} /home/ubuntu/PycharmProjects/pylibassp/libassp-1.1/missing --run autoconf'
AUTOHEADER='${SHELL} /home/ubuntu/PycharmProjects/pylibassp/libassp-1.1/missing --run autoheader'
AUTOMAKE='${SHELL} /home/ubuntu/PycharmProjects/pylibassp/libassp-1.1/missing --run automake-1.10'
AWK='gawk'
CC='gcc'
CCDEPMODE='depmode=gcc3'
CFLAGS='-g -O2'
CPP='gcc -E'
CPPFLAGS=''
CYGPATH_W='echo'
DEFS='-DHAVE_CONFIG_H'
DEPDIR='.deps'
DLLTOOL='dlltool'
DSYMUTIL=''
DUMPBIN=''
ECHO_C=''
ECHO_N='-n'
ECHO_T=''
EGREP='/usr/bin/grep -E'
EXEEXT=''
FGREP='/usr/bin/grep -F'
GREP='/usr/bin/grep'
INSTALL_DATA='${INSTALL} -m 644'
INSTALL_PROGRAM='${INSTALL}'
INSTALL_SCRIPT='${INSTALL}'
INSTALL_STRIP_PROGRAM='$(install_sh) -c -s'
LD='/usr/bin/ld -m elf_x86_64'
LDFLAGS=''
LIBOBJS=''
LIBS=''
LIBTOOL='$(SHELL) $(top_builddir)/libtool'
LIPO=''
LN_S='ln -s'
LTLIBOBJS=''
MAKEINFO='${SHELL} /home/ubuntu/PycharmProjects/pylibassp/libassp-1.1/missing --run makeinfo'
NM='/usr/bin/nm -B'
NMEDIT=''
OBJDUMP='objdump'
OBJEXT='o'
OTOOL64=''
OTOOL=''
PACKAGE='libassp'
PACKAGE_BUGREPORT=''
PACKAGE_NAME=''
PACKAGE_STRING=''
PACKAGE_TARNAME=''
PACKAGE_VERSION=''
PATH_SEPARATOR=':'
RANLIB='ranlib'
SED='/usr/bin/sed'
SET_MAKE=''
SHELL='/bin/bash'
STRIP='strip'
VERSION='1.1'
ac_ct_CC='gcc'
ac_ct_DUMPBIN=''
am__fastdepCC_FALSE='#'
am__fastdepCC_TRUE=''
am__include='include'
am__isrc=''
am__leading_dot='.'
am__quote=''
am__tar='${AMTAR} chof - "$$tardir"'
am__untar='${AMTAR} xf -'
bindir='${exec_prefix}/bin'
build='x86_64-unknown-linux-gnu'
build_alias=''
build_cpu='x86_64'
build_os='linux-gnu'
build_vendor='unknown'
datadir='${datarootdir}'
datarootdir='${prefix}/share'
docdir='${datarootdir}/doc/${PACKAGE}'
dvidir='${docdir}'
exec_prefix='${prefix}'
host='x86_64-unknown-linux-gnu'
host_alias=''
host_cpu='x86_64'
host_os='linux-gnu'
host_vendor='unknown'
htmldir='${docdir}'
includedir='${prefix}/include'
infodir='${datarootdir}/info'
install_sh='$(SHELL) /home/ubuntu/PycharmProjects/pylibassp/libassp-1.1/install-sh'
libdir='${exec_prefix}/lib'
libexecdir='${exec_prefix}/libexec'
localedir='${datarootdir}/locale'
localstatedir='${prefix}/var'
lt_ECHO='echo'
mandir='${datarootdir}/man'
mkdir_p='/usr/bin/mkdir -p'
oldincludedir='/usr/include'
pdfdir='${docdir}'
prefix='/usr/local'
program_transform_name='s,x,x,'
psdir='${docdir}'
sbindir='${exec_prefix}/sbin'
sharedstatedir='${prefix}/com'
sysconfdir='${prefix}/etc'
target_alias=''

## ----------- ##
## confdefs.h. ##
## ----------- ##

#define PACKAGE_NAME ""
#define PACKAGE_TARNAME ""
#define PACKAGE_VERSION ""
#define PACKAGE_STRING ""
#define PACKAGE_BUGREPORT ""
#define PACKAGE "libassp"
#define VERSION "1.1"
#define STDC_HEADERS 1
#define HAVE_SYS_TYPES_H 1
#define HAVE_SYS_STAT_H 1
#define HAVE_STDLIB_H 1
#define HAVE_STRING_H 1
#define HAVE_MEMORY_H 1
#define HAVE_STRINGS_H 1
#define HAVE_INTTYPES_H 1
#define HAVE_STDINT_H 1
#define HAVE_UNISTD_H 1
#define HAVE_DLFCN_H 1
#define LT_OBJDIR ".libs/"

configure: exit 0

## ---------------------- ##
## Running config.status. ##
## ---------------------- ##

This file was extended by config.status, which was
generated by GNU Autoconf 2.61.  Invocation command line was

  CONFIG_FILES    = 
  CONFIG_HEADERS  = 
  CONFIG_LINKS    = 
  CONFIG_COMMANDS = 
  $ ./config.status Makefile

on SC439820

config.status:855: creating Makefile

## ---------------------- ##
## Running config.status. ##
## ---------------------- ##

This file was extended by config.status, which was
generated by GNU Autoconf 2.61.  Invocation command line was

  CONFIG_FILES    = 
  CONFIG_HEADERS  = 
  CONFIG_LINKS    = 
  CONFIG_COMMANDS = 
  $ ./config.status src/Makefile depfiles

on SC439820

config.status:855: creating src/Makefile
config.status:1129: executing depfiles commands
